20:21:22 [0][Info] 	- AvatarFlow >> Avatar Core Version: 1.13.1
20:21:22 [0][Info] 	- AvatarFlow >> Build Date Time: Jun  9 2022  18:24:32
20:21:22 [1][Alert] 	- AvatarFlowManager >> Init(../)
20:21:22 [1][Info] 	- AvatarFlow >> OS: MacOS Version: Darwin - 21.6.0 - Darwin Kernel Version 21.6.0: Mon Aug 22 20:20:05 PDT 2022; root:xnu-8020.140.49~2/RELEASE_ARM64_T8101
20:21:22 [1][Error] 	- JSONUtils >> Failed to parse json string: [] with exception: [json.exception.parse_error.101] parse error at line 1, column 1: syntax error while parsing value - unexpected end of input; expected '[', '{', or a literal
20:21:22 [1][Info] 	- ServiceCoordinator >> CreateCoordinator()
20:21:22 [1][Info] 	- ServiceCoordinator >> Create() - Created at port: 40933
20:21:22 [1][Notice] 	- SharedMemory >> SharedMemoryManager::CreateSharedMemory - avatarcore_services
20:21:22 [1][Info] 	- ServiceCoordinator >>  Openning port: 40933
20:21:23 [1][Info] 	- AvatarFlow >> AvatarFlow Initialized successfully
20:21:23 [0][Info] 	- AvatarFlowManager >> ARTC SDK Version: 2.1.3
20:21:23 [1][Info] 	- AvatarFlowManager >> Inited
20:21:23 [1][Warning] 	- Python >> Python::CoreAPIWrapper::SubscribeToMessage [Application: service/status/reply] Already subscribed!
20:21:23 [1][Notice] 	- Services >> ServiceManager::LoadServices() - Service name [CloudProxy] was loaded as alias [User/cloud]
20:21:23 [1][Notice] 	- Services >> ServiceManager::LoadServices() - Service name [RTPSender] was loaded as alias [User/sender/data/user/user]
20:21:23 [1][Notice] 	- Services >> ServiceManager::LoadServices() - Service name [RTPReceiver] was loaded as alias [User/receiver/data/feedback/user]
20:21:23 [1][Notice] 	- Services >> ServiceManager::LoadServices() - Service name [RTPReceiver] was loaded as alias [User/receiver/video/micro]
20:21:23 [1][Notice] 	- Services >> ServiceManager::LoadServices() - Service name [VideoFormat] was loaded as alias [User/video/robot/micro/RGB]
20:21:23 [0][Notice] 	- Services >> Starting Service [VideoFormatService]: User/video/robot/micro/RGB
20:21:23 [1][Notice] 	- SharedMemory >> SharedMemoryManager::CreateSharedMemory - robot-camera-RGB
20:21:23 [1][Notice] 	- GstPipelineHandler >> [User/video/robot/micro/RGB]::Play()
20:21:23 [0][Notice] 	- Services >> Starting Service [CloudProxyService]: User/cloud
20:21:23 [1][Warning] 	- Python >> Python::CoreAPIWrapper::SubscribeToMessage [avatarin: cloud/status] Already subscribed!
20:21:23 [1][Debug] 	- Services >> CloudProxyService::SendHello() - Adding a request for hello: 214387
20:21:23 [1][Info] 	- AvatarFlowManager >> RequestStartService(User/.*)
20:21:23 [1][Info] 	- Services >> Setting resource fetch rate ms: 1
20:21:23 [1][Debug] 	- Services >> CloudProxyService - Processing hello request: 214387
20:21:23 [0][Notice] 	- Services >> Starting Service [RTPReceiver]: User/receiver/data/feedback/user
20:21:23 [1][Info] 	- SharedMemory >> SharedMemoryDataWriter::Open(feedback-to-user, remote) - Starting
20:21:23 [1][Notice] 	- SharedMemory >> SharedMemoryManager::CreateSharedMemory - feedback-to-user
20:21:23 [1][Notice] 	- RTP >> Linked with ports: Data
	RTP: 10601
	RTCP Send: 9000
	RTCP Recv: 9010
20:21:23 [1][Notice] 	- GstPipelineHandler >> [User/receiver/data/feedback/user]::Play()
20:21:23 [0][Notice] 	- Services >> Starting Service [RTPReceiver]: User/receiver/video/micro
20:21:23 [1][Notice] 	- SharedMemory >> SharedMemoryManager::CreateSharedMemory - robot-camera
20:21:23 [1][Notice] 	- RTP >> Linked with ports: RobotCamera
	RTP: 10701
	RTCP Send: 9000
	RTCP Recv: 9010
20:21:23 [1][Notice] 	- GstPipelineHandler >> [User/receiver/video/micro]::Play()
20:21:23 [0][Notice] 	- Services >> Starting Service [RTPSender]: User/sender/data/user/user
20:21:23 [1][Notice] 	- RTP >> Linked with ports: Data
	RTP: 10501
	RTCP Send: 9000
	RTCP Recv: 9010
20:21:23 [1][Notice] 	- GstPipelineHandler >> [User/sender/data/user/user]::Play()
20:21:24 [1][Debug] 	- Services >> CloudProxyServiceImpl::LaunchServices()  - ARTC Context started 
20:21:24 [1][Debug] 	- Services >> CloudProxyService::SendHello() - StreamSDK_Hello: 214387
20:21:24 [0][Debug] 	- Services >> CloudProxyService::SendHello() - Successfully started.
20:21:26 [0][Notice] 	- Services >> CloudProxyService - Received Session Message[6bfbdfab-faca-4bb0-b668-c8335d91a293] from peer: 199580
20:21:26 [1][Notice] 	- Services >> CloudProxyService - Joining Subscribers
20:21:26 [1][Debug] 	- Services >> CloudProxyService::JoinSessionSubscriber() - Trying to join session: 6bfbdfab-faca-4bb0-b668-c8335d91a293
20:21:26 [1][Debug] 	- Services >> CloudProxyService::JoinSessionSubscriber() - Adding stream: 199580:130) port: 10601
20:21:26 [1][Debug] 	- Services >> CloudProxyService::JoinSessionSubscriber() - Adding stream: 199580:210) port: 10701
20:21:26 [1][Warning] 	- VideoAppSrcHandler >> [robot-camera]::Grabbing frame-Skipped 500 times!
20:21:28 [1][Debug] 	- Services >> CloudProxyService::JoinSessionSubscriber() - Successfully joined session.
20:21:28 [1][Notice] 	- Services >> CloudProxyService - Joining Publishers
20:21:28 [1][Info] 	- Services >> CloudProxyService::JoinSessionPublisher() - Trying to join session: 6bfbdfab-faca-4bb0-b668-c8335d91a293
20:21:28 [1][Info] 	- Services >> CloudProxyService::JoinSessionPublisher() - Adding stream: 110) port: 10501/ Reliable: No
20:21:29 [0][Notice] 	- Services >> CloudProxyService - Sending inside message to peer: 199580
20:21:29 [1][Warning] 	- VideoAppSrcHandler >> [robot-camera]::Grabbing frame-Skipped 500 times!
20:21:31 [0][Warning] 	- Services >> CloudProxyService - Couldn't receive pong[#1]: 199580
20:21:33 [1][Warning] 	- VideoAppSrcHandler >> [robot-camera]::Grabbing frame-Skipped 500 times!
20:21:36 [1][Warning] 	- VideoAppSrcHandler >> [robot-camera]::Grabbing frame-Skipped 500 times!
20:21:39 [1][Warning] 	- VideoAppSrcHandler >> [robot-camera]::Grabbing frame-Skipped 500 times!
20:21:42 [1][Warning] 	- VideoAppSrcHandler >> [robot-camera]::Grabbing frame-Skipped 500 times!
20:21:45 [1][Warning] 	- VideoAppSrcHandler >> [robot-camera]::Grabbing frame-Skipped 500 times!
20:21:48 [1][Warning] 	- VideoAppSrcHandler >> [robot-camera]::Grabbing frame-Skipped 500 times!
20:21:51 [1][Warning] 	- VideoAppSrcHandler >> [robot-camera]::Grabbing frame-Skipped 500 times!
20:21:54 [1][Warning] 	- VideoAppSrcHandler >> [robot-camera]::Grabbing frame-Skipped 500 times!
20:21:57 [1][Warning] 	- VideoAppSrcHandler >> [robot-camera]::Grabbing frame-Skipped 500 times!
